app/manifest-merger-release-report.txt
-- Merging decision tree log ---
manifest
ADDED from AndroidManifest.xml:2:1
	xmlns:android
		ADDED from AndroidManifest.xml:2:11
	package
		ADDED from AndroidManifest.xml:3:5
		INJECTED from AndroidManifest.xml:0:0
		INJECTED from AndroidManifest.xml:0:0
	android:versionName
		INJECTED from AndroidManifest.xml:0:0
		INJECTED from AndroidManifest.xml:0:0
	android:versionCode
		INJECTED from AndroidManifest.xml:0:0
		INJECTED from AndroidManifest.xml:0:0
uses-permission#android.permission.INTERNET
ADDED from AndroidManifest.xml:4:5
	android:name
		ADDED from AndroidManifest.xml:4:22
application
ADDED from AndroidManifest.xml:5:5
MERGED from com.android.support:appcompat-v7:21.0.3:16:5
MERGED from com.android.support:support-v4:21.0.3:16:5
	android:label
		ADDED from AndroidManifest.xml:8:9
	android:allowBackup
		ADDED from AndroidManifest.xml:6:9
	android:icon
		ADDED from AndroidManifest.xml:7:9
	android:theme
		ADDED from AndroidManifest.xml:9:9
	android:versionName
		ADDED from AndroidManifest.xml:11:9
	android:versionCode
		ADDED from AndroidManifest.xml:10:9
activity#globalsolutions.findemes.pantallas.activity.Password
ADDED from AndroidManifest.xml:12:9
	android:name
		ADDED from AndroidManifest.xml:13:13
intent-filter#android.intent.action.MAIN+android.intent.category.LAUNCHER
ADDED from AndroidManifest.xml:14:13
action#android.intent.action.MAIN
ADDED from AndroidManifest.xml:15:17
	android:name
		ADDED from AndroidManifest.xml:15:25
category#android.intent.category.LAUNCHER
ADDED from AndroidManifest.xml:17:17
	android:name
		ADDED from AndroidManifest.xml:17:27
activity#globalsolutions.findemes.pantallas.activity.MainActivity
ADDED from AndroidManifest.xml:20:9
	android:label
		ADDED from AndroidManifest.xml:22:13
	android:name
		ADDED from AndroidManifest.xml:21:13
activity#globalsolutions.findemes.pantallas.activity.GastoActivity
ADDED from AndroidManifest.xml:24:9
	android:label
		ADDED from AndroidManifest.xml:26:13
	android:name
		ADDED from AndroidManifest.xml:25:13
activity#globalsolutions.findemes.pantallas.activity.IngresoActivity
ADDED from AndroidManifest.xml:28:9
	android:label
		ADDED from AndroidManifest.xml:30:13
	android:name
		ADDED from AndroidManifest.xml:29:13
activity#globalsolutions.findemes.pantallas.activity.MovimientosActivity
ADDED from AndroidManifest.xml:32:9
	android:label
		ADDED from AndroidManifest.xml:34:13
	android:name
		ADDED from AndroidManifest.xml:33:13
activity#globalsolutions.findemes.pantallas.activity.InformesActivity
ADDED from AndroidManifest.xml:36:9
	android:label
		ADDED from AndroidManifest.xml:38:13
	android:name
		ADDED from AndroidManifest.xml:37:13
activity#globalsolutions.findemes.pantallas.activity.OpcionesActivity
ADDED from AndroidManifest.xml:40:9
	android:label
		ADDED from AndroidManifest.xml:42:13
	android:name
		ADDED from AndroidManifest.xml:41:13
activity#globalsolutions.findemes.pantallas.activity.RegistrosActivity
ADDED from AndroidManifest.xml:44:9
	android:label
		ADDED from AndroidManifest.xml:46:13
	android:name
		ADDED from AndroidManifest.xml:45:13
activity#globalsolutions.findemes.pantallas.activity.OptionActivityPassword
ADDED from AndroidManifest.xml:48:9
	android:label
		ADDED from AndroidManifest.xml:50:13
	android:name
		ADDED from AndroidManifest.xml:49:13
activity#globalsolutions.findemes.pantallas.activity.OptionActivityDatabase
ADDED from AndroidManifest.xml:52:9
	android:label
		ADDED from AndroidManifest.xml:54:13
	android:name
		ADDED from AndroidManifest.xml:53:13
activity#globalsolutions.findemes.pantallas.activity.OptionActivityAyuda
ADDED from AndroidManifest.xml:56:9
	android:label
		ADDED from AndroidManifest.xml:58:13
	android:name
		ADDED from AndroidManifest.xml:57:13
activity#globalsolutions.findemes.pantallas.activity.OptionActivityBarChart
ADDED from AndroidManifest.xml:60:9
	android:screenOrientation
		ADDED from AndroidManifest.xml:63:13
	android:label
		ADDED from AndroidManifest.xml:62:13
	android:name
		ADDED from AndroidManifest.xml:61:13
uses-permission#android.permission.WRITE_EXTERNAL_STORAGE
ADDED from AndroidManifest.xml:66:5
	android:name
		ADDED from AndroidManifest.xml:66:22
uses-sdk
INJECTED from AndroidManifest.xml:0:0 reason: use-sdk injection requested
MERGED from com.android.support:appcompat-v7:21.0.3:15:5
MERGED from com.android.support:support-v4:21.0.3:15:5
	android:targetSdkVersion
		INJECTED from AndroidManifest.xml:0:0
		INJECTED from AndroidManifest.xml:0:0
	android:minSdkVersion
		INJECTED from AndroidManifest.xml:0:0
		INJECTED from AndroidManifest.xml:0:0